<?xml version="1.0" encoding="UTF-8"?>
<robot generator="Robot 6.1.1 (Python 3.9.7 on darwin)" generated="20231030 16:58:20.642" rpa="false" schemaversion="4">
<suite id="s1" name="Book" source="/Applications/XAMPP/xamppfiles/htdocs/Sanber50-MobileAutomation-Kelompok10/suites/book.robot">
<test id="s1-t1" name="Verify Login Success - Valid User And Password" line="8">
<kw name="Open Flight Application" library="base">
<kw name="Open Application" library="AppiumLibrary">
<arg>${REMOTE_URL}</arg>
<arg>platformName=${PLATFORM_NAME}</arg>
<arg>platformVersion=${PLATFORM_VERSION}</arg>
<arg>deviceName=${DEVICE_NAME}</arg>
<arg>appPackage=${APP_PACKAGE}</arg>
<arg>appActivity=${APP_ACTIVITY}</arg>
<arg>newCommandTimeout=${TIMEOUT}</arg>
<doc>Opens a new application to given Appium server.
Capabilities of appium server, Android and iOS,
Please check https://github.com/appium/appium/blob/master/docs/en/writing-running-appium/server-args.md
| *Option*            | *Man.* | *Description*     |
| remote_url          | Yes    | Appium server url |
| alias               | no     | alias             |
| strict_ssl          | No     | allows you to send commands to an invalid certificate host like a self-signed one. |</doc>
<status status="PASS" starttime="20231030 16:58:20.957" endtime="20231030 16:58:44.178"/>
</kw>
<status status="PASS" starttime="20231030 16:58:20.956" endtime="20231030 16:58:44.178"/>
</kw>
<kw name="Verify Homepage Appears" library="homePage">
<kw name="Wait Until Element Is Visible" library="AppiumLibrary">
<arg>${appLogo}</arg>
<doc>Waits until element specified with `locator` is visible.</doc>
<msg timestamp="20231030 16:58:46.429" level="INFO">xpath criteria: //android.widget.ImageView[@resource-id="com.example.myapplication:id/imageView4"]</msg>
<status status="PASS" starttime="20231030 16:58:44.179" endtime="20231030 16:58:46.432"/>
</kw>
<kw name="Wait Until Element Is Visible" library="AppiumLibrary">
<arg>${loginButton}</arg>
<doc>Waits until element specified with `locator` is visible.</doc>
<msg timestamp="20231030 16:58:46.744" level="INFO">xpath criteria: //android.widget.Button[@resource-id="com.example.myapplication:id/login"]</msg>
<status status="PASS" starttime="20231030 16:58:46.432" endtime="20231030 16:58:46.745"/>
</kw>
<kw name="Wait Until Element Is Visible" library="AppiumLibrary">
<arg>${searchButton}</arg>
<doc>Waits until element specified with `locator` is visible.</doc>
<msg timestamp="20231030 16:58:47.178" level="INFO">xpath criteria: //android.widget.Button[@resource-id="com.example.myapplication:id/button6" and @text="Search"]</msg>
<status status="PASS" starttime="20231030 16:58:46.745" endtime="20231030 16:58:47.178"/>
</kw>
<kw name="Wait Until Element Is Visible" library="AppiumLibrary">
<arg>${checkInButton}</arg>
<doc>Waits until element specified with `locator` is visible.</doc>
<msg timestamp="20231030 16:58:47.457" level="INFO">xpath criteria: //android.widget.Button[@resource-id="com.example.myapplication:id/button6" and @text="Check in"]</msg>
<status status="PASS" starttime="20231030 16:58:47.179" endtime="20231030 16:58:47.457"/>
</kw>
<status status="PASS" starttime="20231030 16:58:44.179" endtime="20231030 16:58:47.457"/>
</kw>
<kw name="Click Log In Button" library="login">
<kw name="Click Element" library="AppiumLibrary">
<arg>${loginButton}</arg>
<doc>Click element identified by `locator`.</doc>
<msg timestamp="20231030 16:58:47.463" level="INFO">Clicking element '//android.widget.Button[@resource-id="com.example.myapplication:id/login"]'.</msg>
<msg timestamp="20231030 16:58:47.787" level="INFO">xpath criteria: //android.widget.Button[@resource-id="com.example.myapplication:id/login"]</msg>
<status status="PASS" starttime="20231030 16:58:47.459" endtime="20231030 16:58:47.788"/>
</kw>
<status status="PASS" starttime="20231030 16:58:47.458" endtime="20231030 16:58:47.788"/>
</kw>
<kw name="Verify Login Page Appears" library="login">
<kw name="Wait Until Element Is Visible" library="AppiumLibrary">
<arg>${appLogo3}</arg>
<doc>Waits until element specified with `locator` is visible.</doc>
<msg timestamp="20231030 16:58:50.016" level="INFO">xpath criteria: //android.widget.ImageView[@resource-id="com.example.myapplication:id/imageView3"]
xpath criteria: //android.widget.ImageView[@resource-id="com.example.myapplication:id/imageView3"]</msg>
<status status="PASS" starttime="20231030 16:58:47.790" endtime="20231030 16:58:50.017"/>
</kw>
<status status="PASS" starttime="20231030 16:58:47.789" endtime="20231030 16:58:50.017"/>
</kw>
<kw name="Input Username Login Page" library="login">
<kw name="Input Text" library="AppiumLibrary">
<arg>${locatorUserName}</arg>
<arg>${USERNAME}</arg>
<doc>Types the given `text` into text field identified by `locator`.</doc>
<msg timestamp="20231030 16:58:50.021" level="INFO">Typing text 'support@ngendigital.com' into text field '//android.widget.EditText[@resource-id="com.example.myapplication:id/username"]'</msg>
<msg timestamp="20231030 16:58:50.448" level="INFO">xpath criteria: //android.widget.EditText[@resource-id="com.example.myapplication:id/username"]</msg>
<status status="PASS" starttime="20231030 16:58:50.018" endtime="20231030 16:58:50.448"/>
</kw>
<status status="PASS" starttime="20231030 16:58:50.018" endtime="20231030 16:58:50.449"/>
</kw>
<kw name="Input Password Login Page" library="login">
<kw name="Input Password" library="AppiumLibrary">
<arg>${locatorPassword}</arg>
<arg>${PASSWORD}</arg>
<doc>Types the given password into text field identified by `locator`.</doc>
<msg timestamp="20231030 16:58:50.453" level="INFO">Typing password into text field '//android.widget.EditText[@resource-id="com.example.myapplication:id/password"]'</msg>
<msg timestamp="20231030 16:58:51.079" level="INFO">xpath criteria: //android.widget.EditText[@resource-id="com.example.myapplication:id/password"]</msg>
<status status="PASS" starttime="20231030 16:58:50.450" endtime="20231030 16:58:51.079"/>
</kw>
<status status="PASS" starttime="20231030 16:58:50.449" endtime="20231030 16:58:51.080"/>
</kw>
<kw name="Click Sign In Button" library="login">
<kw name="Click Element" library="AppiumLibrary">
<arg>${signIn}</arg>
<doc>Click element identified by `locator`.</doc>
<msg timestamp="20231030 16:58:51.084" level="INFO">Clicking element '//android.widget.Button[@resource-id="com.example.myapplication:id/signIn"]'.</msg>
<msg timestamp="20231030 16:58:51.673" level="INFO">xpath criteria: //android.widget.Button[@resource-id="com.example.myapplication:id/signIn"]</msg>
<status status="PASS" starttime="20231030 16:58:51.082" endtime="20231030 16:58:51.673"/>
</kw>
<status status="PASS" starttime="20231030 16:58:51.081" endtime="20231030 16:58:51.674"/>
</kw>
<kw name="Verify Main Page Appears" library="login">
<kw name="Wait Until Element Is Visible" library="AppiumLibrary">
<arg>${accountName}</arg>
<doc>Waits until element specified with `locator` is visible.</doc>
<msg timestamp="20231030 16:58:53.170" level="INFO">xpath criteria: //android.widget.TextView[@resource-id="com.example.myapplication:id/textView"]
xpath criteria: //android.widget.TextView[@resource-id="com.example.myapplication:id/textView"]</msg>
<status status="PASS" starttime="20231030 16:58:51.675" endtime="20231030 16:58:53.171"/>
</kw>
<kw name="Element Should Contain Text" library="AppiumLibrary">
<arg>${signOutButton}</arg>
<arg>${SIGNOUT}</arg>
<doc>Verifies element identified by ``locator`` contains text ``expected``.</doc>
<msg timestamp="20231030 16:58:53.177" level="INFO">Verifying element '//android.widget.Button[@resource-id="com.example.myapplication:id/login"]' contains text 'Sign Out'.</msg>
<msg timestamp="20231030 16:58:53.454" level="INFO">xpath criteria: //android.widget.Button[@resource-id="com.example.myapplication:id/login"]</msg>
<status status="PASS" starttime="20231030 16:58:53.171" endtime="20231030 16:58:53.454"/>
</kw>
<status status="PASS" starttime="20231030 16:58:51.674" endtime="20231030 16:58:53.455"/>
</kw>
<kw name="Click Book Button" library="bookFlight">
<kw name="Click Element" library="AppiumLibrary">
<arg>${bookButton}</arg>
<doc>Click element identified by `locator`.</doc>
<msg timestamp="20231030 16:58:53.460" level="INFO">Clicking element '//android.widget.Button[@resource-id="com.example.myapplication:id/book"]'.</msg>
<msg timestamp="20231030 16:58:53.886" level="INFO">xpath criteria: //android.widget.Button[@resource-id="com.example.myapplication:id/book"]</msg>
<status status="PASS" starttime="20231030 16:58:53.456" endtime="20231030 16:58:53.886"/>
</kw>
<status status="PASS" starttime="20231030 16:58:53.455" endtime="20231030 16:58:53.923"/>
</kw>
<kw name="Click Location City" library="bookFlight">
<kw name="Sleep" library="BuiltIn">
<arg>3s</arg>
<doc>Pauses the test executed for the given time.</doc>
<msg timestamp="20231030 16:58:56.928" level="INFO">Slept 3 seconds</msg>
<status status="PASS" starttime="20231030 16:58:53.927" endtime="20231030 16:58:56.928"/>
</kw>
<kw name="Click Element" library="AppiumLibrary">
<arg>//android.widget.Spinner[@resource-id="com.example.myapplication:id/spinnerFrom"]</arg>
<doc>Click element identified by `locator`.</doc>
<msg timestamp="20231030 16:58:56.932" level="INFO">Clicking element '//android.widget.Spinner[@resource-id="com.example.myapplication:id/spinnerFrom"]'.</msg>
<msg timestamp="20231030 16:58:57.271" level="INFO">xpath criteria: //android.widget.Spinner[@resource-id="com.example.myapplication:id/spinnerFrom"]</msg>
<status status="PASS" starttime="20231030 16:58:56.929" endtime="20231030 16:58:57.272"/>
</kw>
<kw name="Sleep" library="BuiltIn">
<arg>3s</arg>
<doc>Pauses the test executed for the given time.</doc>
<msg timestamp="20231030 16:59:00.273" level="INFO">Slept 3 seconds</msg>
<status status="PASS" starttime="20231030 16:58:57.273" endtime="20231030 16:59:00.274"/>
</kw>
<kw name="Click Element" library="AppiumLibrary">
<arg>//android.widget.TextView[@resource-id="android:id/text1" and @text="Chicago"]</arg>
<doc>Click element identified by `locator`.</doc>
<msg timestamp="20231030 16:59:00.279" level="INFO">Clicking element '//android.widget.TextView[@resource-id="android:id/text1" and @text="Chicago"]'.</msg>
<msg timestamp="20231030 16:59:01.399" level="INFO">xpath criteria: //android.widget.TextView[@resource-id="android:id/text1" and @text="Chicago"]</msg>
<status status="PASS" starttime="20231030 16:59:00.274" endtime="20231030 16:59:01.400"/>
</kw>
<status status="PASS" starttime="20231030 16:58:53.926" endtime="20231030 16:59:01.400"/>
</kw>
<kw name="Click Destination City" library="bookFlight">
<kw name="Sleep" library="BuiltIn">
<arg>3s</arg>
<doc>Pauses the test executed for the given time.</doc>
<msg timestamp="20231030 16:59:04.403" level="INFO">Slept 3 seconds</msg>
<status status="PASS" starttime="20231030 16:59:01.402" endtime="20231030 16:59:04.403"/>
</kw>
<kw name="Click Element" library="AppiumLibrary">
<arg>//android.widget.Spinner[@resource-id="com.example.myapplication:id/spinnerTo"]</arg>
<doc>Click element identified by `locator`.</doc>
<msg timestamp="20231030 16:59:04.406" level="INFO">Clicking element '//android.widget.Spinner[@resource-id="com.example.myapplication:id/spinnerTo"]'.</msg>
<msg timestamp="20231030 16:59:04.971" level="INFO">xpath criteria: //android.widget.Spinner[@resource-id="com.example.myapplication:id/spinnerTo"]</msg>
<status status="PASS" starttime="20231030 16:59:04.403" endtime="20231030 16:59:04.972"/>
</kw>
<kw name="Sleep" library="BuiltIn">
<arg>3s</arg>
<doc>Pauses the test executed for the given time.</doc>
<msg timestamp="20231030 16:59:07.973" level="INFO">Slept 3 seconds</msg>
<status status="PASS" starttime="20231030 16:59:04.972" endtime="20231030 16:59:07.974"/>
</kw>
<kw name="Click Element" library="AppiumLibrary">
<arg>//android.widget.TextView[@resource-id="android:id/text1" and @text="Ottawa"]</arg>
<doc>Click element identified by `locator`.</doc>
<msg timestamp="20231030 16:59:07.978" level="INFO">Clicking element '//android.widget.TextView[@resource-id="android:id/text1" and @text="Ottawa"]'.</msg>
<msg timestamp="20231030 16:59:09.911" level="INFO">xpath criteria: //android.widget.TextView[@resource-id="android:id/text1" and @text="Ottawa"]</msg>
<status status="PASS" starttime="20231030 16:59:07.974" endtime="20231030 16:59:09.911"/>
</kw>
<status status="PASS" starttime="20231030 16:59:01.401" endtime="20231030 16:59:09.912"/>
</kw>
<kw name="Click Class Flight" library="bookFlight">
<kw name="Sleep" library="BuiltIn">
<arg>3s</arg>
<doc>Pauses the test executed for the given time.</doc>
<msg timestamp="20231030 16:59:12.915" level="INFO">Slept 3 seconds</msg>
<status status="PASS" starttime="20231030 16:59:09.913" endtime="20231030 16:59:12.915"/>
</kw>
<kw name="Click Element" library="AppiumLibrary">
<arg>//android.widget.Spinner[@resource-id="com.example.myapplication:id/spinnerClass"]</arg>
<doc>Click element identified by `locator`.</doc>
<msg timestamp="20231030 16:59:12.918" level="INFO">Clicking element '//android.widget.Spinner[@resource-id="com.example.myapplication:id/spinnerClass"]'.</msg>
<msg timestamp="20231030 16:59:13.376" level="INFO">xpath criteria: //android.widget.Spinner[@resource-id="com.example.myapplication:id/spinnerClass"]</msg>
<status status="PASS" starttime="20231030 16:59:12.915" endtime="20231030 16:59:13.377"/>
</kw>
<kw name="Sleep" library="BuiltIn">
<arg>3s</arg>
<doc>Pauses the test executed for the given time.</doc>
<msg timestamp="20231030 16:59:16.378" level="INFO">Slept 3 seconds</msg>
<status status="PASS" starttime="20231030 16:59:13.378" endtime="20231030 16:59:16.379"/>
</kw>
<kw name="Click Element" library="AppiumLibrary">
<arg>//android.widget.TextView[@resource-id="android:id/text1" and @text="Business"]</arg>
<doc>Click element identified by `locator`.</doc>
<msg timestamp="20231030 16:59:16.382" level="INFO">Clicking element '//android.widget.TextView[@resource-id="android:id/text1" and @text="Business"]'.</msg>
<msg timestamp="20231030 16:59:17.459" level="INFO">xpath criteria: //android.widget.TextView[@resource-id="android:id/text1" and @text="Business"]</msg>
<status status="PASS" starttime="20231030 16:59:16.379" endtime="20231030 16:59:17.460"/>
</kw>
<status status="PASS" starttime="20231030 16:59:09.913" endtime="20231030 16:59:17.460"/>
</kw>
<kw name="Click Radio Button" library="bookFlight">
<kw name="Sleep" library="BuiltIn">
<arg>5s</arg>
<doc>Pauses the test executed for the given time.</doc>
<msg timestamp="20231030 16:59:22.463" level="INFO">Slept 5 seconds</msg>
<status status="PASS" starttime="20231030 16:59:17.462" endtime="20231030 16:59:22.464"/>
</kw>
<kw name="Click Element" library="AppiumLibrary">
<arg>//android.widget.RadioButton[@resource-id="com.example.myapplication:id/radioButtonFlight"]</arg>
<doc>Click element identified by `locator`.</doc>
<msg timestamp="20231030 16:59:22.467" level="INFO">Clicking element '//android.widget.RadioButton[@resource-id="com.example.myapplication:id/radioButtonFlight"]'.</msg>
<msg timestamp="20231030 16:59:22.873" level="INFO">xpath criteria: //android.widget.RadioButton[@resource-id="com.example.myapplication:id/radioButtonFlight"]</msg>
<status status="PASS" starttime="20231030 16:59:22.464" endtime="20231030 16:59:22.873"/>
</kw>
<status status="PASS" starttime="20231030 16:59:17.461" endtime="20231030 16:59:22.873"/>
</kw>
<kw name="Click Book Flight Button" library="bookFlight">
<kw name="Sleep" library="BuiltIn">
<arg>5s</arg>
<doc>Pauses the test executed for the given time.</doc>
<msg timestamp="20231030 16:59:27.876" level="INFO">Slept 5 seconds</msg>
<status status="PASS" starttime="20231030 16:59:22.875" endtime="20231030 16:59:27.877"/>
</kw>
<kw name="Click Element" library="AppiumLibrary">
<arg>//android.widget.Button[@resource-id="com.example.myapplication:id/book_flight"]</arg>
<doc>Click element identified by `locator`.</doc>
<msg timestamp="20231030 16:59:27.881" level="INFO">Clicking element '//android.widget.Button[@resource-id="com.example.myapplication:id/book_flight"]'.</msg>
<msg timestamp="20231030 16:59:28.176" level="INFO">xpath criteria: //android.widget.Button[@resource-id="com.example.myapplication:id/book_flight"]</msg>
<status status="PASS" starttime="20231030 16:59:27.877" endtime="20231030 16:59:28.177"/>
</kw>
<status status="PASS" starttime="20231030 16:59:22.874" endtime="20231030 16:59:28.177"/>
</kw>
<kw name="Click Price Flight" library="bookFlight">
<kw name="Sleep" library="BuiltIn">
<arg>5s</arg>
<doc>Pauses the test executed for the given time.</doc>
<msg timestamp="20231030 16:59:33.180" level="INFO">Slept 5 seconds</msg>
<status status="PASS" starttime="20231030 16:59:28.179" endtime="20231030 16:59:33.181"/>
</kw>
<kw name="Click Element" library="AppiumLibrary">
<arg>//android.widget.Button[@resource-id="com.example.myapplication:id/price1"]</arg>
<doc>Click element identified by `locator`.</doc>
<msg timestamp="20231030 16:59:33.184" level="INFO">Clicking element '//android.widget.Button[@resource-id="com.example.myapplication:id/price1"]'.</msg>
<msg timestamp="20231030 16:59:33.415" level="INFO">xpath criteria: //android.widget.Button[@resource-id="com.example.myapplication:id/price1"]</msg>
<status status="PASS" starttime="20231030 16:59:33.181" endtime="20231030 16:59:33.416"/>
</kw>
<status status="PASS" starttime="20231030 16:59:28.178" endtime="20231030 16:59:33.416"/>
</kw>
<kw name="Confirm Order" library="bookFlight">
<kw name="Sleep" library="BuiltIn">
<arg>5s</arg>
<doc>Pauses the test executed for the given time.</doc>
<msg timestamp="20231030 16:59:38.419" level="INFO">Slept 5 seconds</msg>
<status status="PASS" starttime="20231030 16:59:33.418" endtime="20231030 16:59:38.420"/>
</kw>
<kw name="Click Element" library="AppiumLibrary">
<arg>//android.widget.Button[@resource-id="com.example.myapplication:id/confirm_order"]</arg>
<doc>Click element identified by `locator`.</doc>
<msg timestamp="20231030 16:59:38.423" level="INFO">Clicking element '//android.widget.Button[@resource-id="com.example.myapplication:id/confirm_order"]'.</msg>
<msg timestamp="20231030 16:59:38.994" level="INFO">xpath criteria: //android.widget.Button[@resource-id="com.example.myapplication:id/confirm_order"]</msg>
<status status="PASS" starttime="20231030 16:59:38.420" endtime="20231030 16:59:38.994"/>
</kw>
<status status="PASS" starttime="20231030 16:59:33.417" endtime="20231030 16:59:38.995"/>
</kw>
<status status="PASS" starttime="20231030 16:58:20.955" endtime="20231030 16:59:38.996"/>
</test>
<status status="PASS" starttime="20231030 16:58:20.648" endtime="20231030 16:59:38.997"/>
</suite>
<statistics>
<total>
<stat pass="1" fail="0" skip="0">All Tests</stat>
</total>
<tag>
</tag>
<suite>
<stat pass="1" fail="0" skip="0" id="s1" name="Book">Book</stat>
</suite>
</statistics>
<errors>
</errors>
</robot>
