<?xml version="1.0" encoding="UTF-8"?>
<robot generator="Robot 6.1.1 (Python 3.9.7 on darwin)" generated="20231028 14:45:32.624" rpa="false" schemaversion="4">
<suite id="s1" name="Suites" source="/Applications/XAMPP/xamppfiles/htdocs/Sanber50-MobileAutomation-Kelompok10/suites">
<suite id="s1-s1" name="Homepage" source="/Applications/XAMPP/xamppfiles/htdocs/Sanber50-MobileAutomation-Kelompok10/suites/homepage.robot">
<test id="s1-s1-t1" name="Succesfully Open Flight Application" line="26">
<kw name="Open Flight Application">
<kw name="Open Application" library="AppiumLibrary">
<arg>http://127.0.0.1:4723/wd/hub</arg>
<arg>platformName=Android</arg>
<arg>platformVersion=12.0</arg>
<arg>deviceName=emulator-5554</arg>
<arg>appPackage=com.example.myapplication</arg>
<arg>appActivity=com.example.myapplication.MainActivity</arg>
<doc>Opens a new application to given Appium server.
Capabilities of appium server, Android and iOS,
Please check https://github.com/appium/appium/blob/master/docs/en/writing-running-appium/server-args.md
| *Option*            | *Man.* | *Description*     |
| remote_url          | Yes    | Appium server url |
| alias               | no     | alias             |
| strict_ssl          | No     | allows you to send commands to an invalid certificate host like a self-signed one. |</doc>
<status status="PASS" starttime="20231028 14:45:33.408" endtime="20231028 14:45:54.504"/>
</kw>
<status status="PASS" starttime="20231028 14:45:33.407" endtime="20231028 14:45:54.505"/>
</kw>
<kw name="Verify Homepage Appears">
<kw name="Wait Until Element Is Visible" library="AppiumLibrary">
<arg>//android.widget.ImageView[@resource-id="com.example.myapplication:id/imageView4"]</arg>
<doc>Waits until element specified with `locator` is visible.</doc>
<msg timestamp="20231028 14:45:57.248" level="INFO">xpath criteria: //android.widget.ImageView[@resource-id="com.example.myapplication:id/imageView4"]</msg>
<status status="PASS" starttime="20231028 14:45:54.506" endtime="20231028 14:45:57.249"/>
</kw>
<kw name="Wait Until Element Is Visible" library="AppiumLibrary">
<arg>//android.widget.Button[@resource-id="com.example.myapplication:id/login"]</arg>
<doc>Waits until element specified with `locator` is visible.</doc>
<msg timestamp="20231028 14:45:57.630" level="INFO">xpath criteria: //android.widget.Button[@resource-id="com.example.myapplication:id/login"]</msg>
<status status="PASS" starttime="20231028 14:45:57.249" endtime="20231028 14:45:57.630"/>
</kw>
<kw name="Wait Until Element Is Visible" library="AppiumLibrary">
<arg>//android.widget.Button[@resource-id="com.example.myapplication:id/button6" and @text="Search"]</arg>
<doc>Waits until element specified with `locator` is visible.</doc>
<msg timestamp="20231028 14:45:58.088" level="INFO">xpath criteria: //android.widget.Button[@resource-id="com.example.myapplication:id/button6" and @text="Search"]</msg>
<status status="PASS" starttime="20231028 14:45:57.631" endtime="20231028 14:45:58.088"/>
</kw>
<kw name="Wait Until Element Is Visible" library="AppiumLibrary">
<arg>//android.widget.Button[@resource-id="com.example.myapplication:id/button6" and @text="Check in"]</arg>
<doc>Waits until element specified with `locator` is visible.</doc>
<msg timestamp="20231028 14:45:58.431" level="INFO">xpath criteria: //android.widget.Button[@resource-id="com.example.myapplication:id/button6" and @text="Check in"]</msg>
<status status="PASS" starttime="20231028 14:45:58.089" endtime="20231028 14:45:58.431"/>
</kw>
<status status="PASS" starttime="20231028 14:45:54.505" endtime="20231028 14:45:58.431"/>
</kw>
<kw name="Close Flight Application">
<kw name="Close Application" library="AppiumLibrary">
<doc>Closes the current application and also close webdriver session.</doc>
<status status="PASS" starttime="20231028 14:45:58.432" endtime="20231028 14:46:00.175"/>
</kw>
<status status="PASS" starttime="20231028 14:45:58.431" endtime="20231028 14:46:00.175"/>
</kw>
<status status="PASS" starttime="20231028 14:45:33.404" endtime="20231028 14:46:00.175"/>
</test>
<status status="PASS" starttime="20231028 14:45:32.668" endtime="20231028 14:46:00.176"/>
</suite>
<status status="PASS" starttime="20231028 14:45:32.628" endtime="20231028 14:46:00.177"/>
</suite>
<statistics>
<total>
<stat pass="1" fail="0" skip="0">All Tests</stat>
</total>
<tag>
</tag>
<suite>
<stat pass="1" fail="0" skip="0" id="s1" name="Suites">Suites</stat>
<stat pass="1" fail="0" skip="0" id="s1-s1" name="Homepage">Suites.Homepage</stat>
</suite>
</statistics>
<errors>
</errors>
</robot>
